<?xml version="1.0" encoding="UTF-8"?>
<!-- Generated by org.testng.reporters.JUnitReportReporter -->
<testsuite hostname="DESKTOP-Q13OS2E" failures="0" tests="10" name="test.Mxplayer" time="92.898" errors="0" timestamp="28 Nov 2022 10:38:02 GMT">
  <testcase classname="test.Mxplayer" name="tc2" time="5.235"/>
  <testcase classname="test.Mxplayer" name="tc3" time="5.106"/>
  <testcase classname="test.Mxplayer" name="tc6" time="3.147"/>
  <testcase classname="test.Mxplayer" name="tc4" time="25.232"/>
  <testcase classname="test.Mxplayer" name="tc5" time="5.216"/>
  <testcase classname="test.Mxplayer" name="tc7" time="3.190"/>
  <testcase classname="test.Mxplayer" name="tc1" time="10.302"/>
  <testcase classname="test.Mxplayer" name="tc9" time="6.319"/>
  <testcase classname="test.Mxplayer" name="tc10" time="13.587"/>
  <testcase classname="test.Mxplayer" name="tc8" time="15.564"/>
</testsuite> <!-- test.Mxplayer -->
